<?xml version="1.0" encoding="UTF-8"?>
<testExecutions version="1">
  <file path="C:\Users\MariyaSughali\Desktop\dictionary\frontend\src\App.test.js">
  </file>
</testExecutions>